  UnitTest1.cpp
D:\PR5.4\UnitTest1\UnitTest1.cpp(14,29): error C2660: 'S0': function does not take 1 arguments
D:\PR5.4\PR5.4\PR5.4.cpp(5,8): message : see declaration of 'S0'
D:\PR5.4\UnitTest1\UnitTest1.cpp(14,29): message : while trying to match the argument list '(int)'
D:\PR5.4\UnitTest1\UnitTest1.cpp(23,29): error C2660: 'S1': function does not take 2 arguments
D:\PR5.4\PR5.4\PR5.4.cpp(12,8): message : see declaration of 'S1'
D:\PR5.4\UnitTest1\UnitTest1.cpp(23,29): message : while trying to match the argument list '(int, int)'
D:\PR5.4\UnitTest1\UnitTest1.cpp(32,29): error C2660: 'S2': function does not take 2 arguments
D:\PR5.4\PR5.4\PR5.4.cpp(19,8): message : see declaration of 'S2'
D:\PR5.4\UnitTest1\UnitTest1.cpp(32,29): message : while trying to match the argument list '(int, int)'
D:\PR5.4\UnitTest1\UnitTest1.cpp(41,29): error C2660: 'S3': function does not take 3 arguments
D:\PR5.4\PR5.4\PR5.4.cpp(26,8): message : see declaration of 'S3'
D:\PR5.4\UnitTest1\UnitTest1.cpp(41,29): message : while trying to match the argument list '(int, int, double)'
D:\PR5.4\UnitTest1\UnitTest1.cpp(50,29): error C2660: 'S4': function does not take 3 arguments
D:\PR5.4\PR5.4\PR5.4.cpp(34,8): message : see declaration of 'S4'
D:\PR5.4\UnitTest1\UnitTest1.cpp(50,29): message : while trying to match the argument list '(int, int, double)'
